0 info it worked if it ends with ok
1 verbose cli [ 'C:\\Dev\\nodejs\\\\node.exe',
1 verbose cli   'C:\\Dev\\nodejs\\node_modules\\npm\\bin\\npm-cli.js',
1 verbose cli   'install',
1 verbose cli   'htpp-proxy' ]
2 info using npm@1.2.32
3 info using node@v0.10.12
4 verbose node symlink C:\Dev\nodejs\\node.exe
5 verbose read json D:\Users\Richard\Documents\GitHub\es-dms-yo\package.json
6 warn package.json es-dms-site@0.0.0 No repository field.
7 verbose read json D:\Users\Richard\Documents\GitHub\es-dms-yo\node_modules\connect-livereload\package.json
8 verbose read json D:\Users\Richard\Documents\GitHub\es-dms-yo\node_modules\grunt\package.json
9 verbose read json D:\Users\Richard\Documents\GitHub\es-dms-yo\node_modules\grunt-concurrent\package.json
10 verbose read json D:\Users\Richard\Documents\GitHub\es-dms-yo\node_modules\grunt-connect-proxy\package.json
11 verbose read json D:\Users\Richard\Documents\GitHub\es-dms-yo\node_modules\grunt-contrib-clean\package.json
12 verbose read json D:\Users\Richard\Documents\GitHub\es-dms-yo\node_modules\grunt-contrib-coffee\package.json
13 verbose read json D:\Users\Richard\Documents\GitHub\es-dms-yo\node_modules\grunt-contrib-compass\package.json
14 verbose read json D:\Users\Richard\Documents\GitHub\es-dms-yo\node_modules\grunt-contrib-concat\package.json
15 verbose read json D:\Users\Richard\Documents\GitHub\es-dms-yo\node_modules\grunt-contrib-connect\package.json
16 verbose read json D:\Users\Richard\Documents\GitHub\es-dms-yo\node_modules\grunt-contrib-copy\package.json
17 verbose read json D:\Users\Richard\Documents\GitHub\es-dms-yo\node_modules\grunt-contrib-cssmin\package.json
18 verbose read json D:\Users\Richard\Documents\GitHub\es-dms-yo\node_modules\grunt-contrib-htmlmin\package.json
19 verbose read json D:\Users\Richard\Documents\GitHub\es-dms-yo\node_modules\grunt-contrib-imagemin\package.json
20 verbose read json D:\Users\Richard\Documents\GitHub\es-dms-yo\node_modules\grunt-contrib-jshint\package.json
21 verbose read json D:\Users\Richard\Documents\GitHub\es-dms-yo\node_modules\grunt-contrib-uglify\package.json
22 verbose read json D:\Users\Richard\Documents\GitHub\es-dms-yo\node_modules\grunt-contrib-watch\package.json
23 verbose read json D:\Users\Richard\Documents\GitHub\es-dms-yo\node_modules\grunt-env\package.json
24 verbose read json D:\Users\Richard\Documents\GitHub\es-dms-yo\node_modules\grunt-google-cdn\package.json
25 verbose read json D:\Users\Richard\Documents\GitHub\es-dms-yo\node_modules\grunt-karma\package.json
26 verbose read json D:\Users\Richard\Documents\GitHub\es-dms-yo\node_modules\grunt-ngmin\package.json
27 verbose read json D:\Users\Richard\Documents\GitHub\es-dms-yo\node_modules\grunt-open\package.json
28 verbose read json D:\Users\Richard\Documents\GitHub\es-dms-yo\node_modules\grunt-rev\package.json
29 verbose read json D:\Users\Richard\Documents\GitHub\es-dms-yo\node_modules\grunt-usemin\package.json
30 verbose read json D:\Users\Richard\Documents\GitHub\es-dms-yo\node_modules\matchdep\package.json
31 verbose read json D:\Users\Richard\Documents\GitHub\es-dms-yo\node_modules\phantomjs\package.json
32 verbose from cache D:\Users\Richard\Documents\GitHub\es-dms-yo\package.json
33 verbose readDependencies using package.json deps
34 verbose cache add [ 'htpp-proxy', null ]
35 verbose cache add name=undefined spec="htpp-proxy" args=["htpp-proxy",null]
36 verbose parsed url { protocol: null,
36 verbose parsed url   slashes: null,
36 verbose parsed url   auth: null,
36 verbose parsed url   host: null,
36 verbose parsed url   port: null,
36 verbose parsed url   hostname: null,
36 verbose parsed url   hash: null,
36 verbose parsed url   search: null,
36 verbose parsed url   query: null,
36 verbose parsed url   pathname: 'htpp-proxy',
36 verbose parsed url   path: 'htpp-proxy',
36 verbose parsed url   href: 'htpp-proxy' }
37 silly lockFile 6d969f38-htpp-proxy htpp-proxy
38 verbose lock htpp-proxy C:\Users\Richard\AppData\Roaming\npm-cache\6d969f38-htpp-proxy.lock
39 silly lockFile 6d969f38-htpp-proxy htpp-proxy
40 silly lockFile 6d969f38-htpp-proxy htpp-proxy
41 verbose addNamed [ 'htpp-proxy', '' ]
42 verbose addNamed [ null, '' ]
43 silly lockFile 5689955a-htpp-proxy htpp-proxy@
44 verbose lock htpp-proxy@ C:\Users\Richard\AppData\Roaming\npm-cache\5689955a-htpp-proxy.lock
45 silly addNameRange { name: 'htpp-proxy', range: '', hasData: false }
46 verbose url raw htpp-proxy
47 verbose url resolving [ 'https://registry.npmjs.org/', './htpp-proxy' ]
48 verbose url resolved https://registry.npmjs.org/htpp-proxy
49 info trying registry request attempt 1 at 10:32:04
50 http GET https://registry.npmjs.org/htpp-proxy
51 http 404 https://registry.npmjs.org/htpp-proxy
52 silly registry.get cb [ 404,
52 silly registry.get   { server: 'CouchDB/1.3.0 (Erlang OTP/R15B03)',
52 silly registry.get     date: 'Tue, 02 Jul 2013 14:32:00 GMT',
52 silly registry.get     'content-type': 'application/json',
52 silly registry.get     'content-length': '52',
52 silly registry.get     'cache-control': 'must-revalidate' } ]
53 silly lockFile 5689955a-htpp-proxy htpp-proxy@
54 silly lockFile 5689955a-htpp-proxy htpp-proxy@
55 error 404 'htpp-proxy' is not in the npm registry.
55 error 404 You should bug the author to publish it
55 error 404
55 error 404 Note that you can also install from a
55 error 404 tarball, folder, or http url, or git url.
56 error System Windows_NT 6.1.7601
57 error command "C:\\Dev\\nodejs\\\\node.exe" "C:\\Dev\\nodejs\\node_modules\\npm\\bin\\npm-cli.js" "install" "htpp-proxy"
58 error cwd D:\Users\Richard\Documents\GitHub\es-dms-yo
59 error node -v v0.10.12
60 error npm -v 1.2.32
61 error code E404
62 verbose exit [ 1, true ]
